{"E:\\courses\\Node.js The Complete Guide to Build RESTful APIs\\vidly\\index.js": {"path":"E:\\courses\\Node.js The Complete Guide to Build RESTful APIs\\vidly\\index.js","statementMap":{"0":{"start":{"line":2,"column":16},"end":{"line":2,"column":34}},"1":{"start":{"line":3,"column":12},"end":{"line":3,"column":21}},"2":{"start":{"line":4,"column":16},"end":{"line":4,"column":34}},"3":{"start":{"line":6,"column":0},"end":{"line":6,"column":31}},"4":{"start":{"line":7,"column":0},"end":{"line":7,"column":33}},"5":{"start":{"line":8,"column":0},"end":{"line":8,"column":26}},"6":{"start":{"line":9,"column":0},"end":{"line":9,"column":30}},"7":{"start":{"line":10,"column":0},"end":{"line":10,"column":34}},"8":{"start":{"line":12,"column":13},"end":{"line":12,"column":37}},"9":{"start":{"line":13,"column":15},"end":{"line":15,"column":1}},"10":{"start":{"line":14,"column":2},"end":{"line":14,"column":55}},"11":{"start":{"line":17,"column":0},"end":{"line":17,"column":24}}},"fnMap":{"0":{"name":"(anonymous_0)","decl":{"start":{"line":13,"column":32},"end":{"line":13,"column":33}},"loc":{"start":{"line":14,"column":2},"end":{"line":14,"column":55}},"line":14}},"branchMap":{"0":{"loc":{"start":{"line":12,"column":13},"end":{"line":12,"column":37}},"type":"binary-expr","locations":[{"start":{"line":12,"column":13},"end":{"line":12,"column":29}},{"start":{"line":12,"column":33},"end":{"line":12,"column":37}}],"line":12}},"s":{"0":1,"1":1,"2":1,"3":1,"4":1,"5":1,"6":1,"7":1,"8":1,"9":1,"10":1,"11":1},"f":{"0":1},"b":{"0":[1,0]},"_coverageSchema":"1a1c01bbd47fc00a2c39e90264f33305004495a9","hash":"12eba96737bab4fafe9492db09c7b00bcb8f2329"}
,"E:\\courses\\Node.js The Complete Guide to Build RESTful APIs\\vidly\\middlewares\\admin.js": {"path":"E:\\courses\\Node.js The Complete Guide to Build RESTful APIs\\vidly\\middlewares\\admin.js","statementMap":{"0":{"start":{"line":1,"column":0},"end":{"line":4,"column":2}},"1":{"start":{"line":2,"column":2},"end":{"line":2,"column":71}},"2":{"start":{"line":2,"column":25},"end":{"line":2,"column":71}},"3":{"start":{"line":3,"column":2},"end":{"line":3,"column":9}}},"fnMap":{"0":{"name":"(anonymous_0)","decl":{"start":{"line":1,"column":17},"end":{"line":1,"column":18}},"loc":{"start":{"line":1,"column":43},"end":{"line":4,"column":1}},"line":1}},"branchMap":{"0":{"loc":{"start":{"line":2,"column":2},"end":{"line":2,"column":71}},"type":"if","locations":[{"start":{"line":2,"column":2},"end":{"line":2,"column":71}},{"start":{"line":2,"column":2},"end":{"line":2,"column":71}}],"line":2}},"s":{"0":1,"1":0,"2":0,"3":0},"f":{"0":0},"b":{"0":[0,0]},"_coverageSchema":"1a1c01bbd47fc00a2c39e90264f33305004495a9","hash":"bd6768d603be3eafa5d269ea5ca6c87c6ee8e4e7"}
,"E:\\courses\\Node.js The Complete Guide to Build RESTful APIs\\vidly\\middlewares\\auth.js": {"path":"E:\\courses\\Node.js The Complete Guide to Build RESTful APIs\\vidly\\middlewares\\auth.js","statementMap":{"0":{"start":{"line":1,"column":12},"end":{"line":1,"column":35}},"1":{"start":{"line":2,"column":15},"end":{"line":2,"column":32}},"2":{"start":{"line":4,"column":0},"end":{"line":15,"column":2}},"3":{"start":{"line":5,"column":16},"end":{"line":5,"column":42}},"4":{"start":{"line":6,"column":2},"end":{"line":6,"column":60}},"5":{"start":{"line":6,"column":14},"end":{"line":6,"column":60}},"6":{"start":{"line":8,"column":2},"end":{"line":14,"column":3}},"7":{"start":{"line":9,"column":20},"end":{"line":9,"column":66}},"8":{"start":{"line":10,"column":4},"end":{"line":10,"column":23}},"9":{"start":{"line":11,"column":4},"end":{"line":11,"column":11}},"10":{"start":{"line":13,"column":4},"end":{"line":13,"column":47}}},"fnMap":{"0":{"name":"(anonymous_0)","decl":{"start":{"line":4,"column":17},"end":{"line":4,"column":18}},"loc":{"start":{"line":4,"column":43},"end":{"line":15,"column":1}},"line":4}},"branchMap":{"0":{"loc":{"start":{"line":6,"column":2},"end":{"line":6,"column":60}},"type":"if","locations":[{"start":{"line":6,"column":2},"end":{"line":6,"column":60}},{"start":{"line":6,"column":2},"end":{"line":6,"column":60}}],"line":6}},"s":{"0":2,"1":2,"2":2,"3":4,"4":4,"5":1,"6":3,"7":3,"8":2,"9":2,"10":1},"f":{"0":4},"b":{"0":[1,3]},"_coverageSchema":"1a1c01bbd47fc00a2c39e90264f33305004495a9","hash":"bb1067ef7fc34ef573be940f3062f71664d5302d"}
,"E:\\courses\\Node.js The Complete Guide to Build RESTful APIs\\vidly\\middlewares\\error.js": {"path":"E:\\courses\\Node.js The Complete Guide to Build RESTful APIs\\vidly\\middlewares\\error.js","statementMap":{"0":{"start":{"line":1,"column":16},"end":{"line":1,"column":34}},"1":{"start":{"line":3,"column":0},"end":{"line":7,"column":2}},"2":{"start":{"line":5,"column":2},"end":{"line":5,"column":42}},"3":{"start":{"line":6,"column":2},"end":{"line":6,"column":48}}},"fnMap":{"0":{"name":"(anonymous_0)","decl":{"start":{"line":3,"column":17},"end":{"line":3,"column":18}},"loc":{"start":{"line":3,"column":47},"end":{"line":7,"column":1}},"line":3}},"branchMap":{},"s":{"0":1,"1":1,"2":0,"3":0},"f":{"0":0},"b":{},"_coverageSchema":"1a1c01bbd47fc00a2c39e90264f33305004495a9","hash":"6b4e35cd921b83b2c6c103a21495185bdb9c4997"}
,"E:\\courses\\Node.js The Complete Guide to Build RESTful APIs\\vidly\\middlewares\\validateObjectId.js": {"path":"E:\\courses\\Node.js The Complete Guide to Build RESTful APIs\\vidly\\middlewares\\validateObjectId.js","statementMap":{"0":{"start":{"line":1,"column":17},"end":{"line":1,"column":36}},"1":{"start":{"line":3,"column":0},"end":{"line":7,"column":2}},"2":{"start":{"line":4,"column":2},"end":{"line":5,"column":47}},"3":{"start":{"line":5,"column":4},"end":{"line":5,"column":47}},"4":{"start":{"line":6,"column":2},"end":{"line":6,"column":9}}},"fnMap":{"0":{"name":"(anonymous_0)","decl":{"start":{"line":3,"column":17},"end":{"line":3,"column":18}},"loc":{"start":{"line":3,"column":43},"end":{"line":7,"column":1}},"line":3}},"branchMap":{"0":{"loc":{"start":{"line":4,"column":2},"end":{"line":5,"column":47}},"type":"if","locations":[{"start":{"line":4,"column":2},"end":{"line":5,"column":47}},{"start":{"line":4,"column":2},"end":{"line":5,"column":47}}],"line":4}},"s":{"0":1,"1":1,"2":0,"3":0,"4":0},"f":{"0":0},"b":{"0":[0,0]},"_coverageSchema":"1a1c01bbd47fc00a2c39e90264f33305004495a9","hash":"02744dc90d0f79a9f4ca961ce2a2c8251e9fb91b"}
,"E:\\courses\\Node.js The Complete Guide to Build RESTful APIs\\vidly\\models\\customer.js": {"path":"E:\\courses\\Node.js The Complete Guide to Build RESTful APIs\\vidly\\models\\customer.js","statementMap":{"0":{"start":{"line":1,"column":12},"end":{"line":1,"column":26}},"1":{"start":{"line":2,"column":17},"end":{"line":2,"column":36}},"2":{"start":{"line":4,"column":23},"end":{"line":17,"column":2}},"3":{"start":{"line":19,"column":17},"end":{"line":19,"column":59}},"4":{"start":{"line":22,"column":17},"end":{"line":32,"column":4}},"5":{"start":{"line":33,"column":2},"end":{"line":33,"column":35}},"6":{"start":{"line":37,"column":17},"end":{"line":39,"column":4}},"7":{"start":{"line":40,"column":2},"end":{"line":40,"column":33}},"8":{"start":{"line":43,"column":0},"end":{"line":43,"column":60}}},"fnMap":{"0":{"name":"validateCustomer","decl":{"start":{"line":21,"column":9},"end":{"line":21,"column":25}},"loc":{"start":{"line":21,"column":36},"end":{"line":34,"column":1}},"line":21},"1":{"name":"validateId","decl":{"start":{"line":36,"column":9},"end":{"line":36,"column":19}},"loc":{"start":{"line":36,"column":24},"end":{"line":41,"column":1}},"line":36}},"branchMap":{},"s":{"0":1,"1":1,"2":1,"3":1,"4":0,"5":0,"6":0,"7":0,"8":1},"f":{"0":0,"1":0},"b":{},"_coverageSchema":"1a1c01bbd47fc00a2c39e90264f33305004495a9","hash":"7ab2e526f8d7661c41c38da27695819fe7c000a9"}
,"E:\\courses\\Node.js The Complete Guide to Build RESTful APIs\\vidly\\models\\genre.js": {"path":"E:\\courses\\Node.js The Complete Guide to Build RESTful APIs\\vidly\\models\\genre.js","statementMap":{"0":{"start":{"line":1,"column":17},"end":{"line":1,"column":36}},"1":{"start":{"line":2,"column":12},"end":{"line":2,"column":26}},"2":{"start":{"line":4,"column":20},"end":{"line":13,"column":2}},"3":{"start":{"line":15,"column":14},"end":{"line":15,"column":50}},"4":{"start":{"line":18,"column":17},"end":{"line":20,"column":4}},"5":{"start":{"line":21,"column":2},"end":{"line":21,"column":33}},"6":{"start":{"line":25,"column":17},"end":{"line":27,"column":4}},"7":{"start":{"line":28,"column":2},"end":{"line":28,"column":35}},"8":{"start":{"line":31,"column":0},"end":{"line":31,"column":67}}},"fnMap":{"0":{"name":"validateId","decl":{"start":{"line":17,"column":9},"end":{"line":17,"column":19}},"loc":{"start":{"line":17,"column":24},"end":{"line":22,"column":1}},"line":17},"1":{"name":"validateGenre","decl":{"start":{"line":24,"column":9},"end":{"line":24,"column":22}},"loc":{"start":{"line":24,"column":29},"end":{"line":29,"column":1}},"line":24}},"branchMap":{},"s":{"0":1,"1":1,"2":1,"3":1,"4":0,"5":0,"6":1,"7":1,"8":1},"f":{"0":0,"1":1},"b":{},"_coverageSchema":"1a1c01bbd47fc00a2c39e90264f33305004495a9","hash":"df15cbeff4d55c646bc822f05c9f3715f572d055"}
,"E:\\courses\\Node.js The Complete Guide to Build RESTful APIs\\vidly\\models\\movie.js": {"path":"E:\\courses\\Node.js The Complete Guide to Build RESTful APIs\\vidly\\models\\movie.js","statementMap":{"0":{"start":{"line":1,"column":12},"end":{"line":1,"column":26}},"1":{"start":{"line":2,"column":17},"end":{"line":2,"column":36}},"2":{"start":{"line":3,"column":24},"end":{"line":3,"column":42}},"3":{"start":{"line":5,"column":20},"end":{"line":33,"column":2}},"4":{"start":{"line":20,"column":16},"end":{"line":20,"column":29}},"5":{"start":{"line":21,"column":16},"end":{"line":21,"column":29}},"6":{"start":{"line":28,"column":16},"end":{"line":28,"column":29}},"7":{"start":{"line":29,"column":16},"end":{"line":29,"column":29}},"8":{"start":{"line":35,"column":14},"end":{"line":35,"column":50}},"9":{"start":{"line":38,"column":17},"end":{"line":43,"column":4}},"10":{"start":{"line":44,"column":2},"end":{"line":44,"column":32}},"11":{"start":{"line":48,"column":17},"end":{"line":50,"column":4}},"12":{"start":{"line":51,"column":2},"end":{"line":51,"column":33}},"13":{"start":{"line":54,"column":0},"end":{"line":54,"column":54}}},"fnMap":{"0":{"name":"(anonymous_0)","decl":{"start":{"line":20,"column":9},"end":{"line":20,"column":10}},"loc":{"start":{"line":20,"column":16},"end":{"line":20,"column":29}},"line":20},"1":{"name":"(anonymous_1)","decl":{"start":{"line":21,"column":9},"end":{"line":21,"column":10}},"loc":{"start":{"line":21,"column":16},"end":{"line":21,"column":29}},"line":21},"2":{"name":"(anonymous_2)","decl":{"start":{"line":28,"column":9},"end":{"line":28,"column":10}},"loc":{"start":{"line":28,"column":16},"end":{"line":28,"column":29}},"line":28},"3":{"name":"(anonymous_3)","decl":{"start":{"line":29,"column":9},"end":{"line":29,"column":10}},"loc":{"start":{"line":29,"column":16},"end":{"line":29,"column":29}},"line":29},"4":{"name":"validateMovie","decl":{"start":{"line":37,"column":9},"end":{"line":37,"column":22}},"loc":{"start":{"line":37,"column":30},"end":{"line":45,"column":1}},"line":37},"5":{"name":"validateId","decl":{"start":{"line":47,"column":9},"end":{"line":47,"column":19}},"loc":{"start":{"line":47,"column":24},"end":{"line":52,"column":1}},"line":47}},"branchMap":{},"s":{"0":1,"1":1,"2":1,"3":1,"4":0,"5":0,"6":0,"7":0,"8":1,"9":0,"10":0,"11":0,"12":0,"13":1},"f":{"0":0,"1":0,"2":0,"3":0,"4":0,"5":0},"b":{},"_coverageSchema":"1a1c01bbd47fc00a2c39e90264f33305004495a9","hash":"3f79a23db5ebcb583a634afbfb2d26e71505c177"}
,"E:\\courses\\Node.js The Complete Guide to Build RESTful APIs\\vidly\\models\\rental.js": {"path":"E:\\courses\\Node.js The Complete Guide to Build RESTful APIs\\vidly\\models\\rental.js","statementMap":{"0":{"start":{"line":1,"column":12},"end":{"line":1,"column":26}},"1":{"start":{"line":2,"column":17},"end":{"line":2,"column":36}},"2":{"start":{"line":4,"column":21},"end":{"line":56,"column":2}},"3":{"start":{"line":58,"column":15},"end":{"line":58,"column":53}},"4":{"start":{"line":61,"column":17},"end":{"line":64,"column":4}},"5":{"start":{"line":65,"column":2},"end":{"line":65,"column":33}},"6":{"start":{"line":69,"column":17},"end":{"line":73,"column":4}},"7":{"start":{"line":74,"column":2},"end":{"line":74,"column":33}},"8":{"start":{"line":77,"column":0},"end":{"line":77,"column":56}}},"fnMap":{"0":{"name":"validateRental","decl":{"start":{"line":60,"column":9},"end":{"line":60,"column":23}},"loc":{"start":{"line":60,"column":32},"end":{"line":66,"column":1}},"line":60},"1":{"name":"validateId","decl":{"start":{"line":68,"column":9},"end":{"line":68,"column":19}},"loc":{"start":{"line":68,"column":24},"end":{"line":75,"column":1}},"line":68}},"branchMap":{},"s":{"0":1,"1":1,"2":1,"3":1,"4":0,"5":0,"6":0,"7":0,"8":1},"f":{"0":0,"1":0},"b":{},"_coverageSchema":"1a1c01bbd47fc00a2c39e90264f33305004495a9","hash":"435a9b258ef0d6aac76de933d7fd9b3bd0fdecca"}
,"E:\\courses\\Node.js The Complete Guide to Build RESTful APIs\\vidly\\models\\user.js": {"path":"E:\\courses\\Node.js The Complete Guide to Build RESTful APIs\\vidly\\models\\user.js","statementMap":{"0":{"start":{"line":1,"column":12},"end":{"line":1,"column":26}},"1":{"start":{"line":2,"column":17},"end":{"line":2,"column":36}},"2":{"start":{"line":3,"column":12},"end":{"line":3,"column":35}},"3":{"start":{"line":4,"column":15},"end":{"line":4,"column":32}},"4":{"start":{"line":6,"column":19},"end":{"line":27,"column":2}},"5":{"start":{"line":29,"column":0},"end":{"line":34,"column":2}},"6":{"start":{"line":30,"column":2},"end":{"line":33,"column":4}},"7":{"start":{"line":36,"column":13},"end":{"line":36,"column":47}},"8":{"start":{"line":39,"column":17},"end":{"line":43,"column":4}},"9":{"start":{"line":44,"column":2},"end":{"line":44,"column":31}},"10":{"start":{"line":48,"column":17},"end":{"line":50,"column":4}},"11":{"start":{"line":51,"column":2},"end":{"line":51,"column":33}},"12":{"start":{"line":54,"column":0},"end":{"line":54,"column":52}}},"fnMap":{"0":{"name":"(anonymous_0)","decl":{"start":{"line":29,"column":39},"end":{"line":29,"column":40}},"loc":{"start":{"line":29,"column":51},"end":{"line":34,"column":1}},"line":29},"1":{"name":"validateUser","decl":{"start":{"line":38,"column":9},"end":{"line":38,"column":21}},"loc":{"start":{"line":38,"column":28},"end":{"line":45,"column":1}},"line":38},"2":{"name":"validateId","decl":{"start":{"line":47,"column":9},"end":{"line":47,"column":19}},"loc":{"start":{"line":47,"column":24},"end":{"line":52,"column":1}},"line":47}},"branchMap":{},"s":{"0":3,"1":3,"2":3,"3":3,"4":3,"5":3,"6":6,"7":3,"8":0,"9":0,"10":0,"11":0,"12":3},"f":{"0":6,"1":0,"2":0},"b":{},"_coverageSchema":"1a1c01bbd47fc00a2c39e90264f33305004495a9","hash":"26becee5b49793004ecd2e8dff6e4b1a142ed41f"}
,"E:\\courses\\Node.js The Complete Guide to Build RESTful APIs\\vidly\\routes\\auth.js": {"path":"E:\\courses\\Node.js The Complete Guide to Build RESTful APIs\\vidly\\routes\\auth.js","statementMap":{"0":{"start":{"line":1,"column":16},"end":{"line":1,"column":34}},"1":{"start":{"line":2,"column":15},"end":{"line":2,"column":31}},"2":{"start":{"line":3,"column":10},"end":{"line":3,"column":27}},"3":{"start":{"line":4,"column":15},"end":{"line":4,"column":32}},"4":{"start":{"line":5,"column":12},"end":{"line":5,"column":26}},"5":{"start":{"line":6,"column":17},"end":{"line":6,"column":42}},"6":{"start":{"line":8,"column":0},"end":{"line":8,"column":35}},"7":{"start":{"line":11,"column":20},"end":{"line":11,"column":38}},"8":{"start":{"line":12,"column":2},"end":{"line":12,"column":67}},"9":{"start":{"line":12,"column":13},"end":{"line":12,"column":67}},"10":{"start":{"line":14,"column":13},"end":{"line":14,"column":58}},"11":{"start":{"line":15,"column":2},"end":{"line":15,"column":71}},"12":{"start":{"line":15,"column":13},"end":{"line":15,"column":71}},"13":{"start":{"line":17,"column":24},"end":{"line":17,"column":78}},"14":{"start":{"line":18,"column":2},"end":{"line":18,"column":80}},"15":{"start":{"line":18,"column":22},"end":{"line":18,"column":80}},"16":{"start":{"line":19,"column":16},"end":{"line":19,"column":40}},"17":{"start":{"line":20,"column":2},"end":{"line":20,"column":30}},"18":{"start":{"line":24,"column":17},"end":{"line":27,"column":4}},"19":{"start":{"line":28,"column":2},"end":{"line":28,"column":30}},"20":{"start":{"line":31,"column":0},"end":{"line":31,"column":24}}},"fnMap":{"0":{"name":"authenticateUser","decl":{"start":{"line":10,"column":15},"end":{"line":10,"column":31}},"loc":{"start":{"line":10,"column":42},"end":{"line":21,"column":1}},"line":10},"1":{"name":"validate","decl":{"start":{"line":23,"column":9},"end":{"line":23,"column":17}},"loc":{"start":{"line":23,"column":23},"end":{"line":29,"column":1}},"line":23}},"branchMap":{"0":{"loc":{"start":{"line":12,"column":2},"end":{"line":12,"column":67}},"type":"if","locations":[{"start":{"line":12,"column":2},"end":{"line":12,"column":67}},{"start":{"line":12,"column":2},"end":{"line":12,"column":67}}],"line":12},"1":{"loc":{"start":{"line":15,"column":2},"end":{"line":15,"column":71}},"type":"if","locations":[{"start":{"line":15,"column":2},"end":{"line":15,"column":71}},{"start":{"line":15,"column":2},"end":{"line":15,"column":71}}],"line":15},"2":{"loc":{"start":{"line":18,"column":2},"end":{"line":18,"column":80}},"type":"if","locations":[{"start":{"line":18,"column":2},"end":{"line":18,"column":80}},{"start":{"line":18,"column":2},"end":{"line":18,"column":80}}],"line":18}},"s":{"0":1,"1":1,"2":1,"3":1,"4":1,"5":1,"6":1,"7":0,"8":0,"9":0,"10":0,"11":0,"12":0,"13":0,"14":0,"15":0,"16":0,"17":0,"18":0,"19":0,"20":1},"f":{"0":0,"1":0},"b":{"0":[0,0],"1":[0,0],"2":[0,0]},"_coverageSchema":"1a1c01bbd47fc00a2c39e90264f33305004495a9","hash":"d6ea77a0173233f8f04476d76c3b6087da03491c"}
,"E:\\courses\\Node.js The Complete Guide to Build RESTful APIs\\vidly\\routes\\customer.js": {"path":"E:\\courses\\Node.js The Complete Guide to Build RESTful APIs\\vidly\\routes\\customer.js","statementMap":{"0":{"start":{"line":1,"column":16},"end":{"line":1,"column":34}},"1":{"start":{"line":2,"column":15},"end":{"line":2,"column":31}},"2":{"start":{"line":7,"column":4},"end":{"line":7,"column":33}},"3":{"start":{"line":9,"column":0},"end":{"line":9,"column":30}},"4":{"start":{"line":10,"column":0},"end":{"line":10,"column":33}},"5":{"start":{"line":11,"column":0},"end":{"line":11,"column":35}},"6":{"start":{"line":12,"column":0},"end":{"line":12,"column":38}},"7":{"start":{"line":13,"column":0},"end":{"line":13,"column":36}},"8":{"start":{"line":16,"column":19},"end":{"line":16,"column":40}},"9":{"start":{"line":17,"column":2},"end":{"line":17,"column":33}},"10":{"start":{"line":21,"column":20},"end":{"line":21,"column":46}},"11":{"start":{"line":22,"column":2},"end":{"line":27,"column":3}},"12":{"start":{"line":22,"column":13},"end":{"line":22,"column":67}},"13":{"start":{"line":24,"column":19},"end":{"line":24,"column":41}},"14":{"start":{"line":25,"column":4},"end":{"line":25,"column":37}},"15":{"start":{"line":26,"column":4},"end":{"line":26,"column":59}},"16":{"start":{"line":31,"column":17},"end":{"line":31,"column":27}},"17":{"start":{"line":32,"column":35},"end":{"line":32,"column":61}},"18":{"start":{"line":33,"column":29},"end":{"line":33,"column":43}},"19":{"start":{"line":34,"column":2},"end":{"line":34,"column":72}},"20":{"start":{"line":34,"column":21},"end":{"line":34,"column":72}},"21":{"start":{"line":35,"column":2},"end":{"line":35,"column":60}},"22":{"start":{"line":35,"column":15},"end":{"line":35,"column":60}},"23":{"start":{"line":36,"column":19},"end":{"line":36,"column":65}},"24":{"start":{"line":37,"column":2},"end":{"line":40,"column":62}},"25":{"start":{"line":38,"column":4},"end":{"line":40,"column":62}},"26":{"start":{"line":41,"column":2},"end":{"line":41,"column":57}},"27":{"start":{"line":45,"column":17},"end":{"line":45,"column":27}},"28":{"start":{"line":46,"column":17},"end":{"line":46,"column":53}},"29":{"start":{"line":47,"column":2},"end":{"line":48,"column":73}},"30":{"start":{"line":48,"column":4},"end":{"line":48,"column":73}},"31":{"start":{"line":49,"column":2},"end":{"line":49,"column":54}},"32":{"start":{"line":53,"column":17},"end":{"line":53,"column":27}},"33":{"start":{"line":54,"column":20},"end":{"line":54,"column":34}},"34":{"start":{"line":55,"column":2},"end":{"line":55,"column":67}},"35":{"start":{"line":55,"column":13},"end":{"line":55,"column":67}},"36":{"start":{"line":56,"column":19},"end":{"line":56,"column":46}},"37":{"start":{"line":57,"column":2},"end":{"line":58,"column":79}},"38":{"start":{"line":58,"column":4},"end":{"line":58,"column":79}},"39":{"start":{"line":59,"column":2},"end":{"line":59,"column":33}},"40":{"start":{"line":62,"column":0},"end":{"line":62,"column":24}}},"fnMap":{"0":{"name":"getCustomers","decl":{"start":{"line":15,"column":15},"end":{"line":15,"column":27}},"loc":{"start":{"line":15,"column":38},"end":{"line":18,"column":1}},"line":15},"1":{"name":"createCustomer","decl":{"start":{"line":20,"column":15},"end":{"line":20,"column":29}},"loc":{"start":{"line":20,"column":40},"end":{"line":28,"column":1}},"line":20},"2":{"name":"updateCustomer","decl":{"start":{"line":30,"column":15},"end":{"line":30,"column":29}},"loc":{"start":{"line":30,"column":40},"end":{"line":42,"column":1}},"line":30},"3":{"name":"deleteCustomer","decl":{"start":{"line":44,"column":15},"end":{"line":44,"column":29}},"loc":{"start":{"line":44,"column":40},"end":{"line":50,"column":1}},"line":44},"4":{"name":"getCustomerById","decl":{"start":{"line":52,"column":15},"end":{"line":52,"column":30}},"loc":{"start":{"line":52,"column":41},"end":{"line":60,"column":1}},"line":52}},"branchMap":{"0":{"loc":{"start":{"line":22,"column":2},"end":{"line":27,"column":3}},"type":"if","locations":[{"start":{"line":22,"column":2},"end":{"line":27,"column":3}},{"start":{"line":22,"column":2},"end":{"line":27,"column":3}}],"line":22},"1":{"loc":{"start":{"line":34,"column":2},"end":{"line":34,"column":72}},"type":"if","locations":[{"start":{"line":34,"column":2},"end":{"line":34,"column":72}},{"start":{"line":34,"column":2},"end":{"line":34,"column":72}}],"line":34},"2":{"loc":{"start":{"line":35,"column":2},"end":{"line":35,"column":60}},"type":"if","locations":[{"start":{"line":35,"column":2},"end":{"line":35,"column":60}},{"start":{"line":35,"column":2},"end":{"line":35,"column":60}}],"line":35},"3":{"loc":{"start":{"line":37,"column":2},"end":{"line":40,"column":62}},"type":"if","locations":[{"start":{"line":37,"column":2},"end":{"line":40,"column":62}},{"start":{"line":37,"column":2},"end":{"line":40,"column":62}}],"line":37},"4":{"loc":{"start":{"line":47,"column":2},"end":{"line":48,"column":73}},"type":"if","locations":[{"start":{"line":47,"column":2},"end":{"line":48,"column":73}},{"start":{"line":47,"column":2},"end":{"line":48,"column":73}}],"line":47},"5":{"loc":{"start":{"line":55,"column":2},"end":{"line":55,"column":67}},"type":"if","locations":[{"start":{"line":55,"column":2},"end":{"line":55,"column":67}},{"start":{"line":55,"column":2},"end":{"line":55,"column":67}}],"line":55},"6":{"loc":{"start":{"line":57,"column":2},"end":{"line":58,"column":79}},"type":"if","locations":[{"start":{"line":57,"column":2},"end":{"line":58,"column":79}},{"start":{"line":57,"column":2},"end":{"line":58,"column":79}}],"line":57}},"s":{"0":1,"1":1,"2":1,"3":1,"4":1,"5":1,"6":1,"7":1,"8":0,"9":0,"10":0,"11":0,"12":0,"13":0,"14":0,"15":0,"16":0,"17":0,"18":0,"19":0,"20":0,"21":0,"22":0,"23":0,"24":0,"25":0,"26":0,"27":0,"28":0,"29":0,"30":0,"31":0,"32":0,"33":0,"34":0,"35":0,"36":0,"37":0,"38":0,"39":0,"40":1},"f":{"0":0,"1":0,"2":0,"3":0,"4":0},"b":{"0":[0,0],"1":[0,0],"2":[0,0],"3":[0,0],"4":[0,0],"5":[0,0],"6":[0,0]},"_coverageSchema":"1a1c01bbd47fc00a2c39e90264f33305004495a9","hash":"c96dc4946d8c9f21f26a36ca3d51abfd1a0ff5ae"}
,"E:\\courses\\Node.js The Complete Guide to Build RESTful APIs\\vidly\\routes\\genre.js": {"path":"E:\\courses\\Node.js The Complete Guide to Build RESTful APIs\\vidly\\routes\\genre.js","statementMap":{"0":{"start":{"line":1,"column":16},"end":{"line":1,"column":34}},"1":{"start":{"line":2,"column":15},"end":{"line":2,"column":31}},"2":{"start":{"line":3,"column":33},"end":{"line":3,"column":59}},"3":{"start":{"line":4,"column":13},"end":{"line":4,"column":43}},"4":{"start":{"line":5,"column":14},"end":{"line":5,"column":45}},"5":{"start":{"line":6,"column":25},"end":{"line":6,"column":67}},"6":{"start":{"line":8,"column":0},"end":{"line":8,"column":27}},"7":{"start":{"line":9,"column":0},"end":{"line":9,"column":36}},"8":{"start":{"line":10,"column":0},"end":{"line":10,"column":50}},"9":{"start":{"line":11,"column":0},"end":{"line":11,"column":68}},"10":{"start":{"line":12,"column":0},"end":{"line":12,"column":51}},"11":{"start":{"line":15,"column":17},"end":{"line":15,"column":35}},"12":{"start":{"line":16,"column":2},"end":{"line":16,"column":31}},"13":{"start":{"line":20,"column":20},"end":{"line":20,"column":48}},"14":{"start":{"line":21,"column":2},"end":{"line":26,"column":3}},"15":{"start":{"line":21,"column":13},"end":{"line":21,"column":67}},"16":{"start":{"line":23,"column":16},"end":{"line":23,"column":50}},"17":{"start":{"line":24,"column":4},"end":{"line":24,"column":31}},"18":{"start":{"line":25,"column":4},"end":{"line":25,"column":32}},"19":{"start":{"line":30,"column":17},"end":{"line":30,"column":27}},"20":{"start":{"line":31,"column":19},"end":{"line":31,"column":27}},"21":{"start":{"line":32,"column":20},"end":{"line":32,"column":39}},"22":{"start":{"line":33,"column":2},"end":{"line":33,"column":56}},"23":{"start":{"line":33,"column":13},"end":{"line":33,"column":56}},"24":{"start":{"line":34,"column":16},"end":{"line":34,"column":59}},"25":{"start":{"line":35,"column":2},"end":{"line":36,"column":72}},"26":{"start":{"line":36,"column":4},"end":{"line":36,"column":72}},"27":{"start":{"line":37,"column":2},"end":{"line":37,"column":51}},"28":{"start":{"line":41,"column":17},"end":{"line":41,"column":27}},"29":{"start":{"line":42,"column":17},"end":{"line":42,"column":50}},"30":{"start":{"line":43,"column":2},"end":{"line":43,"column":68}},"31":{"start":{"line":43,"column":15},"end":{"line":43,"column":68}},"32":{"start":{"line":44,"column":2},"end":{"line":44,"column":51}},"33":{"start":{"line":48,"column":16},"end":{"line":48,"column":51}},"34":{"start":{"line":49,"column":2},"end":{"line":49,"column":72}},"35":{"start":{"line":49,"column":14},"end":{"line":49,"column":72}},"36":{"start":{"line":50,"column":2},"end":{"line":50,"column":30}},"37":{"start":{"line":53,"column":0},"end":{"line":53,"column":24}}},"fnMap":{"0":{"name":"getGenres","decl":{"start":{"line":14,"column":15},"end":{"line":14,"column":24}},"loc":{"start":{"line":14,"column":35},"end":{"line":17,"column":1}},"line":14},"1":{"name":"createGenre","decl":{"start":{"line":19,"column":15},"end":{"line":19,"column":26}},"loc":{"start":{"line":19,"column":37},"end":{"line":27,"column":1}},"line":19},"2":{"name":"updateGenre","decl":{"start":{"line":29,"column":15},"end":{"line":29,"column":26}},"loc":{"start":{"line":29,"column":37},"end":{"line":38,"column":1}},"line":29},"3":{"name":"deleteGenre","decl":{"start":{"line":40,"column":15},"end":{"line":40,"column":26}},"loc":{"start":{"line":40,"column":37},"end":{"line":45,"column":1}},"line":40},"4":{"name":"getGenreById","decl":{"start":{"line":47,"column":15},"end":{"line":47,"column":27}},"loc":{"start":{"line":47,"column":38},"end":{"line":51,"column":1}},"line":47}},"branchMap":{"0":{"loc":{"start":{"line":21,"column":2},"end":{"line":26,"column":3}},"type":"if","locations":[{"start":{"line":21,"column":2},"end":{"line":26,"column":3}},{"start":{"line":21,"column":2},"end":{"line":26,"column":3}}],"line":21},"1":{"loc":{"start":{"line":33,"column":2},"end":{"line":33,"column":56}},"type":"if","locations":[{"start":{"line":33,"column":2},"end":{"line":33,"column":56}},{"start":{"line":33,"column":2},"end":{"line":33,"column":56}}],"line":33},"2":{"loc":{"start":{"line":35,"column":2},"end":{"line":36,"column":72}},"type":"if","locations":[{"start":{"line":35,"column":2},"end":{"line":36,"column":72}},{"start":{"line":35,"column":2},"end":{"line":36,"column":72}}],"line":35},"3":{"loc":{"start":{"line":43,"column":2},"end":{"line":43,"column":68}},"type":"if","locations":[{"start":{"line":43,"column":2},"end":{"line":43,"column":68}},{"start":{"line":43,"column":2},"end":{"line":43,"column":68}}],"line":43},"4":{"loc":{"start":{"line":49,"column":2},"end":{"line":49,"column":72}},"type":"if","locations":[{"start":{"line":49,"column":2},"end":{"line":49,"column":72}},{"start":{"line":49,"column":2},"end":{"line":49,"column":72}}],"line":49}},"s":{"0":1,"1":1,"2":1,"3":1,"4":1,"5":1,"6":1,"7":1,"8":1,"9":1,"10":1,"11":0,"12":0,"13":1,"14":1,"15":0,"16":1,"17":1,"18":1,"19":0,"20":0,"21":0,"22":0,"23":0,"24":0,"25":0,"26":0,"27":0,"28":0,"29":0,"30":0,"31":0,"32":0,"33":0,"34":0,"35":0,"36":0,"37":1},"f":{"0":0,"1":1,"2":0,"3":0,"4":0},"b":{"0":[0,1],"1":[0,0],"2":[0,0],"3":[0,0],"4":[0,0]},"_coverageSchema":"1a1c01bbd47fc00a2c39e90264f33305004495a9","hash":"dd3aa089b70280a145dfc6ce928aa451bda905ee"}
,"E:\\courses\\Node.js The Complete Guide to Build RESTful APIs\\vidly\\routes\\movie.js": {"path":"E:\\courses\\Node.js The Complete Guide to Build RESTful APIs\\vidly\\routes\\movie.js","statementMap":{"0":{"start":{"line":1,"column":16},"end":{"line":1,"column":34}},"1":{"start":{"line":2,"column":47},"end":{"line":2,"column":73}},"2":{"start":{"line":3,"column":15},"end":{"line":3,"column":31}},"3":{"start":{"line":4,"column":45},"end":{"line":4,"column":71}},"4":{"start":{"line":6,"column":0},"end":{"line":6,"column":27}},"5":{"start":{"line":7,"column":0},"end":{"line":7,"column":30}},"6":{"start":{"line":8,"column":0},"end":{"line":8,"column":32}},"7":{"start":{"line":9,"column":0},"end":{"line":9,"column":35}},"8":{"start":{"line":10,"column":0},"end":{"line":10,"column":33}},"9":{"start":{"line":13,"column":2},"end":{"line":18,"column":3}},"10":{"start":{"line":14,"column":19},"end":{"line":14,"column":37}},"11":{"start":{"line":15,"column":4},"end":{"line":15,"column":33}},"12":{"start":{"line":17,"column":4},"end":{"line":17,"column":53}},"13":{"start":{"line":22,"column":32},"end":{"line":22,"column":55}},"14":{"start":{"line":24,"column":2},"end":{"line":38,"column":3}},"15":{"start":{"line":24,"column":18},"end":{"line":24,"column":77}},"16":{"start":{"line":27,"column":16},"end":{"line":27,"column":54}},"17":{"start":{"line":28,"column":16},"end":{"line":31,"column":6}},"18":{"start":{"line":32,"column":4},"end":{"line":37,"column":5}},"19":{"start":{"line":33,"column":6},"end":{"line":33,"column":33}},"20":{"start":{"line":34,"column":6},"end":{"line":34,"column":34}},"21":{"start":{"line":36,"column":6},"end":{"line":36,"column":54}},"22":{"start":{"line":42,"column":17},"end":{"line":42,"column":27}},"23":{"start":{"line":43,"column":32},"end":{"line":43,"column":55}},"24":{"start":{"line":44,"column":29},"end":{"line":44,"column":43}},"25":{"start":{"line":45,"column":2},"end":{"line":45,"column":66}},"26":{"start":{"line":45,"column":18},"end":{"line":45,"column":66}},"27":{"start":{"line":46,"column":2},"end":{"line":46,"column":60}},"28":{"start":{"line":46,"column":15},"end":{"line":46,"column":60}},"29":{"start":{"line":47,"column":2},"end":{"line":57,"column":3}},"30":{"start":{"line":48,"column":18},"end":{"line":48,"column":61}},"31":{"start":{"line":49,"column":4},"end":{"line":52,"column":61}},"32":{"start":{"line":50,"column":6},"end":{"line":52,"column":61}},"33":{"start":{"line":53,"column":4},"end":{"line":53,"column":53}},"34":{"start":{"line":55,"column":4},"end":{"line":55,"column":31}},"35":{"start":{"line":56,"column":4},"end":{"line":56,"column":53}},"36":{"start":{"line":61,"column":17},"end":{"line":61,"column":27}},"37":{"start":{"line":62,"column":2},"end":{"line":70,"column":3}},"38":{"start":{"line":63,"column":19},"end":{"line":63,"column":52}},"39":{"start":{"line":64,"column":4},"end":{"line":65,"column":72}},"40":{"start":{"line":65,"column":6},"end":{"line":65,"column":72}},"41":{"start":{"line":66,"column":4},"end":{"line":66,"column":53}},"42":{"start":{"line":68,"column":4},"end":{"line":68,"column":31}},"43":{"start":{"line":69,"column":4},"end":{"line":69,"column":53}},"44":{"start":{"line":74,"column":17},"end":{"line":74,"column":27}},"45":{"start":{"line":75,"column":20},"end":{"line":75,"column":34}},"46":{"start":{"line":76,"column":2},"end":{"line":76,"column":67}},"47":{"start":{"line":76,"column":13},"end":{"line":76,"column":67}},"48":{"start":{"line":77,"column":2},"end":{"line":85,"column":3}},"49":{"start":{"line":78,"column":18},"end":{"line":78,"column":42}},"50":{"start":{"line":79,"column":4},"end":{"line":80,"column":78}},"51":{"start":{"line":80,"column":6},"end":{"line":80,"column":78}},"52":{"start":{"line":81,"column":4},"end":{"line":81,"column":32}},"53":{"start":{"line":83,"column":4},"end":{"line":83,"column":31}},"54":{"start":{"line":84,"column":4},"end":{"line":84,"column":53}},"55":{"start":{"line":88,"column":0},"end":{"line":88,"column":24}}},"fnMap":{"0":{"name":"getMovies","decl":{"start":{"line":12,"column":15},"end":{"line":12,"column":24}},"loc":{"start":{"line":12,"column":35},"end":{"line":19,"column":1}},"line":12},"1":{"name":"createMovie","decl":{"start":{"line":21,"column":15},"end":{"line":21,"column":26}},"loc":{"start":{"line":21,"column":37},"end":{"line":39,"column":1}},"line":21},"2":{"name":"updateMovie","decl":{"start":{"line":41,"column":15},"end":{"line":41,"column":26}},"loc":{"start":{"line":41,"column":37},"end":{"line":58,"column":1}},"line":41},"3":{"name":"deleteMovie","decl":{"start":{"line":60,"column":15},"end":{"line":60,"column":26}},"loc":{"start":{"line":60,"column":37},"end":{"line":71,"column":1}},"line":60},"4":{"name":"getMovieById","decl":{"start":{"line":73,"column":15},"end":{"line":73,"column":27}},"loc":{"start":{"line":73,"column":38},"end":{"line":86,"column":1}},"line":73}},"branchMap":{"0":{"loc":{"start":{"line":24,"column":2},"end":{"line":38,"column":3}},"type":"if","locations":[{"start":{"line":24,"column":2},"end":{"line":38,"column":3}},{"start":{"line":24,"column":2},"end":{"line":38,"column":3}}],"line":24},"1":{"loc":{"start":{"line":45,"column":2},"end":{"line":45,"column":66}},"type":"if","locations":[{"start":{"line":45,"column":2},"end":{"line":45,"column":66}},{"start":{"line":45,"column":2},"end":{"line":45,"column":66}}],"line":45},"2":{"loc":{"start":{"line":46,"column":2},"end":{"line":46,"column":60}},"type":"if","locations":[{"start":{"line":46,"column":2},"end":{"line":46,"column":60}},{"start":{"line":46,"column":2},"end":{"line":46,"column":60}}],"line":46},"3":{"loc":{"start":{"line":49,"column":4},"end":{"line":52,"column":61}},"type":"if","locations":[{"start":{"line":49,"column":4},"end":{"line":52,"column":61}},{"start":{"line":49,"column":4},"end":{"line":52,"column":61}}],"line":49},"4":{"loc":{"start":{"line":64,"column":4},"end":{"line":65,"column":72}},"type":"if","locations":[{"start":{"line":64,"column":4},"end":{"line":65,"column":72}},{"start":{"line":64,"column":4},"end":{"line":65,"column":72}}],"line":64},"5":{"loc":{"start":{"line":76,"column":2},"end":{"line":76,"column":67}},"type":"if","locations":[{"start":{"line":76,"column":2},"end":{"line":76,"column":67}},{"start":{"line":76,"column":2},"end":{"line":76,"column":67}}],"line":76},"6":{"loc":{"start":{"line":79,"column":4},"end":{"line":80,"column":78}},"type":"if","locations":[{"start":{"line":79,"column":4},"end":{"line":80,"column":78}},{"start":{"line":79,"column":4},"end":{"line":80,"column":78}}],"line":79}},"s":{"0":1,"1":1,"2":1,"3":1,"4":1,"5":1,"6":1,"7":1,"8":1,"9":0,"10":0,"11":0,"12":0,"13":0,"14":0,"15":0,"16":0,"17":0,"18":0,"19":0,"20":0,"21":0,"22":0,"23":0,"24":0,"25":0,"26":0,"27":0,"28":0,"29":0,"30":0,"31":0,"32":0,"33":0,"34":0,"35":0,"36":0,"37":0,"38":0,"39":0,"40":0,"41":0,"42":0,"43":0,"44":0,"45":0,"46":0,"47":0,"48":0,"49":0,"50":0,"51":0,"52":0,"53":0,"54":0,"55":1},"f":{"0":0,"1":0,"2":0,"3":0,"4":0},"b":{"0":[0,0],"1":[0,0],"2":[0,0],"3":[0,0],"4":[0,0],"5":[0,0],"6":[0,0]},"_coverageSchema":"1a1c01bbd47fc00a2c39e90264f33305004495a9","hash":"d88970b4d0dd7ee1e4249cf394eb5e864e100e18"}
,"E:\\courses\\Node.js The Complete Guide to Build RESTful APIs\\vidly\\routes\\rentals.js": {"path":"E:\\courses\\Node.js The Complete Guide to Build RESTful APIs\\vidly\\routes\\rentals.js","statementMap":{"0":{"start":{"line":1,"column":16},"end":{"line":1,"column":34}},"1":{"start":{"line":2,"column":15},"end":{"line":2,"column":31}},"2":{"start":{"line":3,"column":17},"end":{"line":3,"column":36}},"3":{"start":{"line":4,"column":13},"end":{"line":4,"column":28}},"4":{"start":{"line":5,"column":21},"end":{"line":5,"column":50}},"5":{"start":{"line":6,"column":18},"end":{"line":6,"column":44}},"6":{"start":{"line":7,"column":47},"end":{"line":7,"column":74}},"7":{"start":{"line":9,"column":0},"end":{"line":9,"column":20}},"8":{"start":{"line":11,"column":0},"end":{"line":11,"column":28}},"9":{"start":{"line":12,"column":0},"end":{"line":12,"column":31}},"10":{"start":{"line":13,"column":0},"end":{"line":13,"column":33}},"11":{"start":{"line":14,"column":0},"end":{"line":14,"column":36}},"12":{"start":{"line":15,"column":0},"end":{"line":15,"column":34}},"13":{"start":{"line":18,"column":2},"end":{"line":23,"column":3}},"14":{"start":{"line":19,"column":20},"end":{"line":19,"column":56}},"15":{"start":{"line":20,"column":4},"end":{"line":20,"column":34}},"16":{"start":{"line":22,"column":4},"end":{"line":22,"column":53}},"17":{"start":{"line":27,"column":20},"end":{"line":27,"column":44}},"18":{"start":{"line":28,"column":2},"end":{"line":69,"column":3}},"19":{"start":{"line":28,"column":13},"end":{"line":28,"column":67}},"20":{"start":{"line":30,"column":19},"end":{"line":30,"column":63}},"21":{"start":{"line":31,"column":4},"end":{"line":31,"column":75}},"22":{"start":{"line":31,"column":19},"end":{"line":31,"column":75}},"23":{"start":{"line":33,"column":16},"end":{"line":33,"column":54}},"24":{"start":{"line":34,"column":4},"end":{"line":34,"column":69}},"25":{"start":{"line":34,"column":16},"end":{"line":34,"column":69}},"26":{"start":{"line":36,"column":4},"end":{"line":37,"column":57}},"27":{"start":{"line":37,"column":6},"end":{"line":37,"column":57}},"28":{"start":{"line":39,"column":17},"end":{"line":51,"column":6}},"29":{"start":{"line":52,"column":4},"end":{"line":68,"column":5}},"30":{"start":{"line":53,"column":6},"end":{"line":64,"column":15}},"31":{"start":{"line":65,"column":6},"end":{"line":65,"column":35}},"32":{"start":{"line":67,"column":6},"end":{"line":67,"column":54}},"33":{"start":{"line":73,"column":17},"end":{"line":73,"column":27}},"34":{"start":{"line":74,"column":33},"end":{"line":74,"column":57}},"35":{"start":{"line":75,"column":29},"end":{"line":75,"column":43}},"36":{"start":{"line":76,"column":2},"end":{"line":76,"column":68}},"37":{"start":{"line":76,"column":19},"end":{"line":76,"column":68}},"38":{"start":{"line":77,"column":2},"end":{"line":77,"column":60}},"39":{"start":{"line":77,"column":15},"end":{"line":77,"column":60}},"40":{"start":{"line":78,"column":2},"end":{"line":88,"column":3}},"41":{"start":{"line":79,"column":19},"end":{"line":79,"column":63}},"42":{"start":{"line":80,"column":4},"end":{"line":83,"column":62}},"43":{"start":{"line":81,"column":6},"end":{"line":83,"column":62}},"44":{"start":{"line":84,"column":4},"end":{"line":84,"column":55}},"45":{"start":{"line":86,"column":4},"end":{"line":86,"column":31}},"46":{"start":{"line":87,"column":4},"end":{"line":87,"column":53}},"47":{"start":{"line":92,"column":17},"end":{"line":92,"column":27}},"48":{"start":{"line":93,"column":2},"end":{"line":101,"column":3}},"49":{"start":{"line":94,"column":19},"end":{"line":94,"column":53}},"50":{"start":{"line":95,"column":4},"end":{"line":96,"column":73}},"51":{"start":{"line":96,"column":6},"end":{"line":96,"column":73}},"52":{"start":{"line":97,"column":4},"end":{"line":97,"column":54}},"53":{"start":{"line":99,"column":4},"end":{"line":99,"column":31}},"54":{"start":{"line":100,"column":4},"end":{"line":100,"column":53}},"55":{"start":{"line":105,"column":17},"end":{"line":105,"column":27}},"56":{"start":{"line":106,"column":20},"end":{"line":106,"column":34}},"57":{"start":{"line":107,"column":2},"end":{"line":107,"column":67}},"58":{"start":{"line":107,"column":13},"end":{"line":107,"column":67}},"59":{"start":{"line":108,"column":2},"end":{"line":116,"column":3}},"60":{"start":{"line":109,"column":19},"end":{"line":109,"column":44}},"61":{"start":{"line":110,"column":4},"end":{"line":111,"column":79}},"62":{"start":{"line":111,"column":6},"end":{"line":111,"column":79}},"63":{"start":{"line":112,"column":4},"end":{"line":112,"column":33}},"64":{"start":{"line":114,"column":4},"end":{"line":114,"column":31}},"65":{"start":{"line":115,"column":4},"end":{"line":115,"column":53}},"66":{"start":{"line":119,"column":0},"end":{"line":119,"column":24}}},"fnMap":{"0":{"name":"getRentals","decl":{"start":{"line":17,"column":15},"end":{"line":17,"column":25}},"loc":{"start":{"line":17,"column":36},"end":{"line":24,"column":1}},"line":17},"1":{"name":"createRental","decl":{"start":{"line":26,"column":15},"end":{"line":26,"column":27}},"loc":{"start":{"line":26,"column":38},"end":{"line":70,"column":1}},"line":26},"2":{"name":"updateRental","decl":{"start":{"line":72,"column":15},"end":{"line":72,"column":27}},"loc":{"start":{"line":72,"column":38},"end":{"line":89,"column":1}},"line":72},"3":{"name":"deleteRental","decl":{"start":{"line":91,"column":15},"end":{"line":91,"column":27}},"loc":{"start":{"line":91,"column":38},"end":{"line":102,"column":1}},"line":91},"4":{"name":"getRentalById","decl":{"start":{"line":104,"column":15},"end":{"line":104,"column":28}},"loc":{"start":{"line":104,"column":39},"end":{"line":117,"column":1}},"line":104}},"branchMap":{"0":{"loc":{"start":{"line":28,"column":2},"end":{"line":69,"column":3}},"type":"if","locations":[{"start":{"line":28,"column":2},"end":{"line":69,"column":3}},{"start":{"line":28,"column":2},"end":{"line":69,"column":3}}],"line":28},"1":{"loc":{"start":{"line":31,"column":4},"end":{"line":31,"column":75}},"type":"if","locations":[{"start":{"line":31,"column":4},"end":{"line":31,"column":75}},{"start":{"line":31,"column":4},"end":{"line":31,"column":75}}],"line":31},"2":{"loc":{"start":{"line":34,"column":4},"end":{"line":34,"column":69}},"type":"if","locations":[{"start":{"line":34,"column":4},"end":{"line":34,"column":69}},{"start":{"line":34,"column":4},"end":{"line":34,"column":69}}],"line":34},"3":{"loc":{"start":{"line":36,"column":4},"end":{"line":37,"column":57}},"type":"if","locations":[{"start":{"line":36,"column":4},"end":{"line":37,"column":57}},{"start":{"line":36,"column":4},"end":{"line":37,"column":57}}],"line":36},"4":{"loc":{"start":{"line":76,"column":2},"end":{"line":76,"column":68}},"type":"if","locations":[{"start":{"line":76,"column":2},"end":{"line":76,"column":68}},{"start":{"line":76,"column":2},"end":{"line":76,"column":68}}],"line":76},"5":{"loc":{"start":{"line":77,"column":2},"end":{"line":77,"column":60}},"type":"if","locations":[{"start":{"line":77,"column":2},"end":{"line":77,"column":60}},{"start":{"line":77,"column":2},"end":{"line":77,"column":60}}],"line":77},"6":{"loc":{"start":{"line":80,"column":4},"end":{"line":83,"column":62}},"type":"if","locations":[{"start":{"line":80,"column":4},"end":{"line":83,"column":62}},{"start":{"line":80,"column":4},"end":{"line":83,"column":62}}],"line":80},"7":{"loc":{"start":{"line":95,"column":4},"end":{"line":96,"column":73}},"type":"if","locations":[{"start":{"line":95,"column":4},"end":{"line":96,"column":73}},{"start":{"line":95,"column":4},"end":{"line":96,"column":73}}],"line":95},"8":{"loc":{"start":{"line":107,"column":2},"end":{"line":107,"column":67}},"type":"if","locations":[{"start":{"line":107,"column":2},"end":{"line":107,"column":67}},{"start":{"line":107,"column":2},"end":{"line":107,"column":67}}],"line":107},"9":{"loc":{"start":{"line":110,"column":4},"end":{"line":111,"column":79}},"type":"if","locations":[{"start":{"line":110,"column":4},"end":{"line":111,"column":79}},{"start":{"line":110,"column":4},"end":{"line":111,"column":79}}],"line":110}},"s":{"0":1,"1":1,"2":1,"3":1,"4":1,"5":1,"6":1,"7":1,"8":1,"9":1,"10":1,"11":1,"12":1,"13":0,"14":0,"15":0,"16":0,"17":0,"18":0,"19":0,"20":0,"21":0,"22":0,"23":0,"24":0,"25":0,"26":0,"27":0,"28":0,"29":0,"30":0,"31":0,"32":0,"33":0,"34":0,"35":0,"36":0,"37":0,"38":0,"39":0,"40":0,"41":0,"42":0,"43":0,"44":0,"45":0,"46":0,"47":0,"48":0,"49":0,"50":0,"51":0,"52":0,"53":0,"54":0,"55":0,"56":0,"57":0,"58":0,"59":0,"60":0,"61":0,"62":0,"63":0,"64":0,"65":0,"66":1},"f":{"0":0,"1":0,"2":0,"3":0,"4":0},"b":{"0":[0,0],"1":[0,0],"2":[0,0],"3":[0,0],"4":[0,0],"5":[0,0],"6":[0,0],"7":[0,0],"8":[0,0],"9":[0,0]},"_coverageSchema":"1a1c01bbd47fc00a2c39e90264f33305004495a9","hash":"8d7a5a9b15380b5b3d7bf43305878bf042d988d4"}
,"E:\\courses\\Node.js The Complete Guide to Build RESTful APIs\\vidly\\routes\\users.js": {"path":"E:\\courses\\Node.js The Complete Guide to Build RESTful APIs\\vidly\\routes\\users.js","statementMap":{"0":{"start":{"line":1,"column":16},"end":{"line":1,"column":34}},"1":{"start":{"line":2,"column":15},"end":{"line":2,"column":31}},"2":{"start":{"line":3,"column":10},"end":{"line":3,"column":27}},"3":{"start":{"line":4,"column":15},"end":{"line":4,"column":32}},"4":{"start":{"line":5,"column":13},"end":{"line":5,"column":43}},"5":{"start":{"line":6,"column":31},"end":{"line":6,"column":56}},"6":{"start":{"line":8,"column":0},"end":{"line":8,"column":29}},"7":{"start":{"line":9,"column":0},"end":{"line":9,"column":33}},"8":{"start":{"line":12,"column":20},"end":{"line":12,"column":42}},"9":{"start":{"line":13,"column":2},"end":{"line":13,"column":67}},"10":{"start":{"line":13,"column":13},"end":{"line":13,"column":67}},"11":{"start":{"line":15,"column":13},"end":{"line":15,"column":58}},"12":{"start":{"line":16,"column":2},"end":{"line":16,"column":68}},"13":{"start":{"line":16,"column":12},"end":{"line":16,"column":68}},"14":{"start":{"line":18,"column":2},"end":{"line":18,"column":67}},"15":{"start":{"line":19,"column":15},"end":{"line":19,"column":39}},"16":{"start":{"line":20,"column":2},"end":{"line":20,"column":57}},"17":{"start":{"line":21,"column":2},"end":{"line":30,"column":3}},"18":{"start":{"line":22,"column":4},"end":{"line":22,"column":29}},"19":{"start":{"line":23,"column":18},"end":{"line":23,"column":42}},"20":{"start":{"line":24,"column":4},"end":{"line":27,"column":52}},"21":{"start":{"line":29,"column":4},"end":{"line":29,"column":52}},"22":{"start":{"line":34,"column":15},"end":{"line":34,"column":68}},"23":{"start":{"line":35,"column":2},"end":{"line":35,"column":29}},"24":{"start":{"line":38,"column":0},"end":{"line":38,"column":24}}},"fnMap":{"0":{"name":"createUser","decl":{"start":{"line":11,"column":15},"end":{"line":11,"column":25}},"loc":{"start":{"line":11,"column":36},"end":{"line":31,"column":1}},"line":11},"1":{"name":"getUser","decl":{"start":{"line":33,"column":15},"end":{"line":33,"column":22}},"loc":{"start":{"line":33,"column":33},"end":{"line":36,"column":1}},"line":33}},"branchMap":{"0":{"loc":{"start":{"line":13,"column":2},"end":{"line":13,"column":67}},"type":"if","locations":[{"start":{"line":13,"column":2},"end":{"line":13,"column":67}},{"start":{"line":13,"column":2},"end":{"line":13,"column":67}}],"line":13},"1":{"loc":{"start":{"line":16,"column":2},"end":{"line":16,"column":68}},"type":"if","locations":[{"start":{"line":16,"column":2},"end":{"line":16,"column":68}},{"start":{"line":16,"column":2},"end":{"line":16,"column":68}}],"line":16}},"s":{"0":1,"1":1,"2":1,"3":1,"4":1,"5":1,"6":1,"7":1,"8":0,"9":0,"10":0,"11":0,"12":0,"13":0,"14":0,"15":0,"16":0,"17":0,"18":0,"19":0,"20":0,"21":0,"22":0,"23":0,"24":1},"f":{"0":0,"1":0},"b":{"0":[0,0],"1":[0,0]},"_coverageSchema":"1a1c01bbd47fc00a2c39e90264f33305004495a9","hash":"49f91bc3e47b81dea6ea872511e9a81d4d0a85e4"}
,"E:\\courses\\Node.js The Complete Guide to Build RESTful APIs\\vidly\\startup\\config.js": {"path":"E:\\courses\\Node.js The Complete Guide to Build RESTful APIs\\vidly\\startup\\config.js","statementMap":{"0":{"start":{"line":1,"column":15},"end":{"line":1,"column":32}},"1":{"start":{"line":3,"column":0},"end":{"line":7,"column":2}},"2":{"start":{"line":4,"column":2},"end":{"line":6,"column":3}},"3":{"start":{"line":5,"column":4},"end":{"line":5,"column":63}}},"fnMap":{"0":{"name":"(anonymous_0)","decl":{"start":{"line":3,"column":17},"end":{"line":3,"column":18}},"loc":{"start":{"line":3,"column":29},"end":{"line":7,"column":1}},"line":3}},"branchMap":{"0":{"loc":{"start":{"line":4,"column":2},"end":{"line":6,"column":3}},"type":"if","locations":[{"start":{"line":4,"column":2},"end":{"line":6,"column":3}},{"start":{"line":4,"column":2},"end":{"line":6,"column":3}}],"line":4}},"s":{"0":1,"1":1,"2":1,"3":0},"f":{"0":1},"b":{"0":[0,1]},"_coverageSchema":"1a1c01bbd47fc00a2c39e90264f33305004495a9","hash":"2f3299206698497dfda1b0d41f1dc99d46978db9"}
,"E:\\courses\\Node.js The Complete Guide to Build RESTful APIs\\vidly\\startup\\db.js": {"path":"E:\\courses\\Node.js The Complete Guide to Build RESTful APIs\\vidly\\startup\\db.js","statementMap":{"0":{"start":{"line":1,"column":17},"end":{"line":1,"column":36}},"1":{"start":{"line":2,"column":16},"end":{"line":2,"column":34}},"2":{"start":{"line":3,"column":15},"end":{"line":3,"column":32}},"3":{"start":{"line":5,"column":0},"end":{"line":15,"column":2}},"4":{"start":{"line":6,"column":13},"end":{"line":6,"column":29}},"5":{"start":{"line":7,"column":2},"end":{"line":14,"column":68}},"6":{"start":{"line":14,"column":16},"end":{"line":14,"column":66}}},"fnMap":{"0":{"name":"(anonymous_0)","decl":{"start":{"line":5,"column":17},"end":{"line":5,"column":18}},"loc":{"start":{"line":5,"column":29},"end":{"line":15,"column":1}},"line":5},"1":{"name":"(anonymous_1)","decl":{"start":{"line":14,"column":10},"end":{"line":14,"column":11}},"loc":{"start":{"line":14,"column":16},"end":{"line":14,"column":66}},"line":14}},"branchMap":{},"s":{"0":1,"1":1,"2":1,"3":1,"4":1,"5":1,"6":1},"f":{"0":1,"1":1},"b":{},"_coverageSchema":"1a1c01bbd47fc00a2c39e90264f33305004495a9","hash":"ca1fc61398006336a2946106d458c897121c925a"}
,"E:\\courses\\Node.js The Complete Guide to Build RESTful APIs\\vidly\\startup\\logging.js": {"path":"E:\\courses\\Node.js The Complete Guide to Build RESTful APIs\\vidly\\startup\\logging.js","statementMap":{"0":{"start":{"line":1,"column":16},"end":{"line":1,"column":34}},"1":{"start":{"line":3,"column":0},"end":{"line":3,"column":32}},"2":{"start":{"line":5,"column":0},"end":{"line":33,"column":2}},"3":{"start":{"line":6,"column":2},"end":{"line":14,"column":4}},"4":{"start":{"line":15,"column":2},"end":{"line":15,"column":72}},"5":{"start":{"line":26,"column":2},"end":{"line":28,"column":4}},"6":{"start":{"line":30,"column":2},"end":{"line":32,"column":5}},"7":{"start":{"line":31,"column":4},"end":{"line":31,"column":13}}},"fnMap":{"0":{"name":"(anonymous_0)","decl":{"start":{"line":5,"column":17},"end":{"line":5,"column":18}},"loc":{"start":{"line":5,"column":29},"end":{"line":33,"column":1}},"line":5},"1":{"name":"(anonymous_1)","decl":{"start":{"line":30,"column":35},"end":{"line":30,"column":36}},"loc":{"start":{"line":30,"column":43},"end":{"line":32,"column":3}},"line":30}},"branchMap":{},"s":{"0":1,"1":1,"2":1,"3":1,"4":1,"5":1,"6":1,"7":0},"f":{"0":1,"1":0},"b":{},"_coverageSchema":"1a1c01bbd47fc00a2c39e90264f33305004495a9","hash":"869b662057475d5fe7f75cdafa5323cbd29c53ef"}
,"E:\\courses\\Node.js The Complete Guide to Build RESTful APIs\\vidly\\startup\\routes.js": {"path":"E:\\courses\\Node.js The Complete Guide to Build RESTful APIs\\vidly\\startup\\routes.js","statementMap":{"0":{"start":{"line":1,"column":16},"end":{"line":1,"column":34}},"1":{"start":{"line":2,"column":14},"end":{"line":2,"column":40}},"2":{"start":{"line":3,"column":17},"end":{"line":3,"column":46}},"3":{"start":{"line":4,"column":14},"end":{"line":4,"column":40}},"4":{"start":{"line":5,"column":16},"end":{"line":5,"column":44}},"5":{"start":{"line":6,"column":14},"end":{"line":6,"column":40}},"6":{"start":{"line":7,"column":13},"end":{"line":7,"column":38}},"7":{"start":{"line":8,"column":14},"end":{"line":8,"column":45}},"8":{"start":{"line":10,"column":0},"end":{"line":22,"column":2}},"9":{"start":{"line":11,"column":2},"end":{"line":11,"column":26}},"10":{"start":{"line":12,"column":2},"end":{"line":14,"column":5}},"11":{"start":{"line":13,"column":4},"end":{"line":13,"column":39}},"12":{"start":{"line":15,"column":2},"end":{"line":15,"column":31}},"13":{"start":{"line":16,"column":2},"end":{"line":16,"column":37}},"14":{"start":{"line":17,"column":2},"end":{"line":17,"column":31}},"15":{"start":{"line":18,"column":2},"end":{"line":18,"column":35}},"16":{"start":{"line":19,"column":2},"end":{"line":19,"column":31}},"17":{"start":{"line":20,"column":2},"end":{"line":20,"column":29}},"18":{"start":{"line":21,"column":2},"end":{"line":21,"column":17}}},"fnMap":{"0":{"name":"(anonymous_0)","decl":{"start":{"line":10,"column":17},"end":{"line":10,"column":18}},"loc":{"start":{"line":10,"column":32},"end":{"line":22,"column":1}},"line":10},"1":{"name":"(anonymous_1)","decl":{"start":{"line":12,"column":15},"end":{"line":12,"column":16}},"loc":{"start":{"line":12,"column":29},"end":{"line":14,"column":3}},"line":12}},"branchMap":{},"s":{"0":1,"1":1,"2":1,"3":1,"4":1,"5":1,"6":1,"7":1,"8":1,"9":1,"10":1,"11":0,"12":1,"13":1,"14":1,"15":1,"16":1,"17":1,"18":1},"f":{"0":1,"1":0},"b":{},"_coverageSchema":"1a1c01bbd47fc00a2c39e90264f33305004495a9","hash":"021ec651813d0339a5c9788fd52b490064852251"}
,"E:\\courses\\Node.js The Complete Guide to Build RESTful APIs\\vidly\\startup\\validation.js": {"path":"E:\\courses\\Node.js The Complete Guide to Build RESTful APIs\\vidly\\startup\\validation.js","statementMap":{"0":{"start":{"line":1,"column":0},"end":{"line":4,"column":2}},"1":{"start":{"line":2,"column":14},"end":{"line":2,"column":28}},"2":{"start":{"line":3,"column":2},"end":{"line":3,"column":46}}},"fnMap":{"0":{"name":"(anonymous_0)","decl":{"start":{"line":1,"column":17},"end":{"line":1,"column":18}},"loc":{"start":{"line":1,"column":29},"end":{"line":4,"column":1}},"line":1}},"branchMap":{},"s":{"0":1,"1":1,"2":1},"f":{"0":1},"b":{},"_coverageSchema":"1a1c01bbd47fc00a2c39e90264f33305004495a9","hash":"c0317749190a34815c45f251db78c2cf6aeb1bec"}
}
